11
11
1
1
1
1
1
1
1
1
1
1
1
4 0 4 (-448.000000 192.000000 -64.000000) (-368.000000 192.000000 -64.000000) (-368.000000 192.000000 32.000000) (-448.000000 192.000000 32.000000) 
4 0 1 (224.000000 192.000000 -64.000000) (320.000000 192.000000 -64.000000) (320.000000 192.000000 32.000000) (224.000000 192.000000 32.000000) 
4 1 6 (224.000000 -64.000000 -64.000000) (320.000000 -64.000000 -64.000000) (320.000000 -64.000000 32.000000) (224.000000 -64.000000 32.000000) 
4 2 8 (64.000000 -64.000000 0.000000) (64.000000 -64.000000 128.000000) (-64.000000 -64.000000 128.000000) (-64.000000 -64.000000 0.000000) 
4 2 3 (-64.000000 -64.000000 0.000000) (-64.000000 -64.000000 128.000000) (-64.000000 64.000000 128.000000) (-64.000000 64.000000 0.000000) 
4 3 8 (-320.000000 -64.000000 -64.000000) (-64.000000 -64.000000 -64.000000) (-64.000000 -64.000000 128.000000) (-320.000000 -64.000000 128.000000) 
4 3 5 (-320.000000 16.000000 -64.000000) (-320.000000 -64.000000 -64.000000) (-320.000000 -64.000000 32.000000) (-320.000000 16.000000 32.000000) 
4 4 5 (-448.000000 16.000000 32.000000) (-448.000000 16.000000 -64.000000) (-368.000000 16.000000 -64.000000) (-368.000000 16.000000 32.000000) 
4 6 10 (224.000000 -384.000000 -64.000000) (224.000000 -512.000000 -64.000000) (224.000000 -512.000000 32.000000) (224.000000 -384.000000 32.000000) 
4 6 7 (224.000000 -64.000000 32.000000) (224.000000 -64.000000 -64.000000) (224.000000 -192.000000 -64.000000) (224.000000 -192.000000 32.000000) 
4 9 10 (-656.000000 -384.000000 32.000000) (-656.000000 -384.000000 -64.000000) (-384.000000 -384.000000 -64.000000) (-384.000000 -384.000000 32.000000) 
